17/03/2023 11:45:36 Level : INFO / Message : Un utilisateur s'est connecté / Classe : Main / Méthode : main
19/03/2023 17:12:16 Level : INFO / Message : Un utilisateur s'est connecté / Classe : Main / Méthode : main
21/03/2023 13:32:11 Level : INFO / Message : Un utilisateur s'est connecté / Classe : Main / Méthode : main
21/03/2023 13:35:55 Level : INFO / Message : Database fermée / Classe : com.stephane.dao.ConnexionManager$1 / Méthode : run
21/03/2023 14:53:19 Level : INFO / Message : Un utilisateur s'est connecté / Classe : Main / Méthode : main
21/03/2023 14:53:26 Level : INFO / Message : Database fermée / Classe : com.stephane.dao.ConnexionManager$1 / Méthode : run
21/03/2023 15:30:57 Level : INFO / Message : Un utilisateur s'est connecté / Classe : Main / Méthode : main
21/03/2023 15:31:00 Level : INFO / Message : Database fermée / Classe : com.stephane.dao.ConnexionManager$1 / Méthode : run
21/03/2023 15:34:15 Level : INFO / Message : Un utilisateur s'est connecté / Classe : Main / Méthode : main
21/03/2023 15:34:20 Level : INFO / Message : Database fermée / Classe : com.stephane.dao.ConnexionManager$1 / Méthode : run
21/03/2023 15:36:26 Level : INFO / Message : Un utilisateur s'est connecté / Classe : Main / Méthode : main
21/03/2023 15:36:43 Level : INFO / Message : Database fermée / Classe : com.stephane.dao.ConnexionManager$1 / Méthode : run
21/03/2023 15:45:09 Level : INFO / Message : Un utilisateur s'est connecté / Classe : Main / Méthode : main
21/03/2023 15:45:14 Level : INFO / Message : Database fermée / Classe : com.stephane.dao.ConnexionManager$1 / Méthode : run
21/03/2023 15:47:20 Level : INFO / Message : Un utilisateur s'est connecté / Classe : Main / Méthode : main
21/03/2023 15:47:24 Level : INFO / Message : Database fermée / Classe : com.stephane.dao.ConnexionManager$1 / Méthode : run
21/03/2023 15:48:43 Level : INFO / Message : Un utilisateur s'est connecté / Classe : Main / Méthode : main
21/03/2023 16:00:07 Level : INFO / Message : Un utilisateur s'est connecté / Classe : Main / Méthode : main
21/03/2023 16:01:08 Level : INFO / Message : Un utilisateur s'est connecté / Classe : Main / Méthode : main
21/03/2023 16:01:12 Level : INFO / Message : Database fermée / Classe : com.stephane.dao.ConnexionManager$1 / Méthode : run
21/03/2023 16:03:44 Level : INFO / Message : Un utilisateur s'est connecté / Classe : Main / Méthode : main
21/03/2023 16:34:27 Level : INFO / Message : Un utilisateur s'est connecté / Classe : Main / Méthode : main
21/03/2023 16:37:02 Level : INFO / Message : Un utilisateur s'est connecté / Classe : Main / Méthode : main
21/03/2023 16:40:21 Level : INFO / Message : Un utilisateur s'est connecté / Classe : Main / Méthode : main
21/03/2023 16:40:49 Level : INFO / Message : Database fermée / Classe : com.stephane.dao.ConnexionManager$1 / Méthode : run
21/03/2023 16:41:58 Level : INFO / Message : Un utilisateur s'est connecté / Classe : Main / Méthode : main
21/03/2023 16:43:50 Level : INFO / Message : Database fermée / Classe : com.stephane.dao.ConnexionManager$1 / Méthode : run
21/03/2023 16:44:07 Level : INFO / Message : Un utilisateur s'est connecté / Classe : Main / Méthode : main
21/03/2023 16:44:56 Level : INFO / Message : Database fermée / Classe : com.stephane.dao.ConnexionManager$1 / Méthode : run
22/03/2023 10:00:51 Level : INFO / Message : Un utilisateur s'est connecté / Classe : Main / Méthode : main
22/03/2023 10:02:07 Level : INFO / Message : Un utilisateur s'est connecté / Classe : Main / Méthode : main
22/03/2023 10:02:57 Level : INFO / Message : Un utilisateur s'est connecté / Classe : Main / Méthode : main
22/03/2023 10:04:42 Level : INFO / Message : Un utilisateur s'est connecté / Classe : Main / Méthode : main
22/03/2023 10:05:15 Level : INFO / Message : Un utilisateur s'est connecté / Classe : Main / Méthode : main
22/03/2023 10:07:11 Level : INFO / Message : Un utilisateur s'est connecté / Classe : Main / Méthode : main
22/03/2023 10:09:27 Level : INFO / Message : Un utilisateur s'est connecté / Classe : Main / Méthode : main
22/03/2023 10:10:24 Level : INFO / Message : Un utilisateur s'est connecté / Classe : Main / Méthode : main
22/03/2023 10:11:41 Level : INFO / Message : Un utilisateur s'est connecté / Classe : Main / Méthode : main
22/03/2023 10:12:03 Level : INFO / Message : Un utilisateur s'est connecté / Classe : Main / Méthode : main
22/03/2023 10:13:52 Level : INFO / Message : Un utilisateur s'est connecté / Classe : Main / Méthode : main
22/03/2023 10:14:11 Level : INFO / Message : Un utilisateur s'est connecté / Classe : Main / Méthode : main
22/03/2023 10:15:19 Level : INFO / Message : Un utilisateur s'est connecté / Classe : Main / Méthode : main
22/03/2023 10:17:34 Level : INFO / Message : Un utilisateur s'est connecté / Classe : Main / Méthode : main
22/03/2023 10:19:11 Level : INFO / Message : Un utilisateur s'est connecté / Classe : Main / Méthode : main
22/03/2023 10:20:42 Level : INFO / Message : Database fermée / Classe : com.stephane.dao.ConnexionManager$1 / Méthode : run
22/03/2023 10:20:48 Level : INFO / Message : Un utilisateur s'est connecté / Classe : Main / Méthode : main
22/03/2023 10:21:03 Level : INFO / Message : Database fermée / Classe : com.stephane.dao.ConnexionManager$1 / Méthode : run
22/03/2023 10:21:08 Level : INFO / Message : Un utilisateur s'est connecté / Classe : Main / Méthode : main
22/03/2023 10:22:51 Level : INFO / Message : Un utilisateur s'est connecté / Classe : Main / Méthode : main
22/03/2023 10:27:49 Level : INFO / Message : Database fermée / Classe : com.stephane.dao.ConnexionManager$1 / Méthode : run
22/03/2023 10:27:56 Level : INFO / Message : Un utilisateur s'est connecté / Classe : Main / Méthode : main
22/03/2023 11:06:18 Level : INFO / Message : Un utilisateur s'est connecté / Classe : Main / Méthode : main
22/03/2023 11:06:54 Level : INFO / Message : Un utilisateur s'est connecté / Classe : Main / Méthode : main
22/03/2023 11:10:53 Level : INFO / Message : Un utilisateur s'est connecté / Classe : Main / Méthode : main
22/03/2023 11:25:53 Level : INFO / Message : Un utilisateur s'est connecté / Classe : Main / Méthode : main
22/03/2023 11:27:40 Level : INFO / Message : Un utilisateur s'est connecté / Classe : Main / Méthode : main
22/03/2023 11:31:58 Level : INFO / Message : Un utilisateur s'est connecté / Classe : Main / Méthode : main
22/03/2023 11:34:57 Level : INFO / Message : Un utilisateur s'est connecté / Classe : Main / Méthode : main
22/03/2023 11:41:07 Level : INFO / Message : Database fermée / Classe : com.stephane.dao.ConnexionManager$1 / Méthode : run
22/03/2023 11:41:13 Level : INFO / Message : Un utilisateur s'est connecté / Classe : Main / Méthode : main
22/03/2023 11:43:08 Level : INFO / Message : Database fermée / Classe : com.stephane.dao.ConnexionManager$1 / Méthode : run
22/03/2023 13:00:24 Level : INFO / Message : Un utilisateur s'est connecté / Classe : Main / Méthode : main
22/03/2023 13:00:35 Level : INFO / Message : Database fermée / Classe : com.stephane.dao.ConnexionManager$1 / Méthode : run
22/03/2023 13:08:53 Level : INFO / Message : Un utilisateur s'est connecté / Classe : Main / Méthode : main
22/03/2023 13:11:05 Level : INFO / Message : Un utilisateur s'est connecté / Classe : Main / Méthode : main
22/03/2023 13:17:06 Level : INFO / Message : Un utilisateur s'est connecté / Classe : Main / Méthode : main
22/03/2023 13:18:12 Level : INFO / Message : Un utilisateur s'est connecté / Classe : Main / Méthode : main
22/03/2023 13:23:41 Level : INFO / Message : Database fermée / Classe : com.stephane.dao.ConnexionManager$1 / Méthode : run
22/03/2023 14:15:25 Level : INFO / Message : Un utilisateur s'est connecté / Classe : Main / Méthode : main
22/03/2023 14:19:00 Level : INFO / Message : Database fermée / Classe : com.stephane.dao.ConnexionManager$1 / Méthode : run
22/03/2023 14:19:06 Level : INFO / Message : Un utilisateur s'est connecté / Classe : Main / Méthode : main
22/03/2023 14:51:02 Level : INFO / Message : Database fermée / Classe : com.stephane.dao.ConnexionManager$1 / Méthode : run
25/03/2023 14:55:59 Level : SEVERE / Message : Un utilisateur s'est connecté / Classe : Main / Méthode : main
25/03/2023 14:56:19 Level : INFO / Message : Database fermée / Classe : com.stephane.dao.ConnexionManager$1 / Méthode : run
25/03/2023 14:59:56 Level : SEVERE / Message : Un utilisateur s'est connecté / Classe : Main / Méthode : main
25/03/2023 15:11:14 Level : SEVERE / Message : Un utilisateur s'est connecté / Classe : Main / Méthode : main
25/03/2023 15:25:35 Level : INFO / Message : Database fermée / Classe : com.stephane.dao.ConnexionManager$1 / Méthode : run
25/03/2023 15:25:43 Level : SEVERE / Message : Un utilisateur s'est connecté / Classe : Main / Méthode : main
25/03/2023 15:33:08 Level : SEVERE / Message : Un utilisateur s'est connecté / Classe : Main / Méthode : main
26/03/2023 11:54:53 Level : SEVERE / Message : Un utilisateur s'est connecté / Classe : Main / Méthode : main
26/03/2023 12:00:23 Level : SEVERE / Message : Un utilisateur s'est connecté / Classe : Main / Méthode : main
26/03/2023 12:02:05 Level : INFO / Message : Database fermée / Classe : com.stephane.dao.ConnexionManager$1 / Méthode : run
26/03/2023 12:02:14 Level : SEVERE / Message : Un utilisateur s'est connecté / Classe : Main / Méthode : main
26/03/2023 14:04:48 Level : SEVERE / Message : Un utilisateur s'est connecté / Classe : Main / Méthode : main
26/03/2023 14:33:43 Level : SEVERE / Message : Un utilisateur s'est connecté / Classe : Main / Méthode : main
26/03/2023 14:35:35 Level : SEVERE / Message : Un utilisateur s'est connecté / Classe : Main / Méthode : main
26/03/2023 15:36:53 Level : INFO / Message : Database fermée / Classe : com.stephane.dao.ConnexionManager$1 / Méthode : run
26/03/2023 15:37:00 Level : SEVERE / Message : Un utilisateur s'est connecté / Classe : Main / Méthode : main
26/03/2023 15:43:48 Level : SEVERE / Message : Un utilisateur s'est connecté / Classe : Main / Méthode : main
26/03/2023 15:44:22 Level : SEVERE / Message : Un utilisateur s'est connecté / Classe : Main / Méthode : main
26/03/2023 16:28:16 Level : INFO / Message : Database fermée / Classe : com.stephane.dao.ConnexionManager$1 / Méthode : run
26/03/2023 16:28:24 Level : SEVERE / Message : Un utilisateur s'est connecté / Classe : Main / Méthode : main
26/03/2023 16:58:43 Level : INFO / Message : Database fermée / Classe : com.stephane.dao.ConnexionManager$1 / Méthode : run
27/03/2023 09:13:35 Level : SEVERE / Message : Un utilisateur s'est connecté / Classe : Main / Méthode : main
27/03/2023 09:22:09 Level : SEVERE / Message : Un utilisateur s'est connecté / Classe : Main / Méthode : main
27/03/2023 09:29:50 Level : INFO / Message : Database fermée / Classe : com.stephane.dao.ConnexionManager$1 / Méthode : run
27/03/2023 09:40:23 Level : SEVERE / Message : Un utilisateur s'est connecté / Classe : Main / Méthode : main
27/03/2023 09:40:49 Level : INFO / Message : Database fermée / Classe : com.stephane.dao.ConnexionManager$1 / Méthode : run
27/03/2023 09:41:05 Level : SEVERE / Message : Un utilisateur s'est connecté / Classe : Main / Méthode : main
27/03/2023 09:41:25 Level : INFO / Message : Database fermée / Classe : com.stephane.dao.ConnexionManager$1 / Méthode : run
27/03/2023 09:49:11 Level : SEVERE / Message : Un utilisateur s'est connecté / Classe : Main / Méthode : main
27/03/2023 10:05:10 Level : INFO / Message : Database fermée / Classe : com.stephane.dao.ConnexionManager$1 / Méthode : run
27/03/2023 10:05:18 Level : SEVERE / Message : Un utilisateur s'est connecté / Classe : Main / Méthode : main
27/03/2023 10:05:34 Level : INFO / Message : Database fermée / Classe : com.stephane.dao.ConnexionManager$1 / Méthode : run
27/03/2023 10:05:47 Level : SEVERE / Message : Un utilisateur s'est connecté / Classe : Main / Méthode : main
27/03/2023 10:10:23 Level : INFO / Message : Database fermée / Classe : com.stephane.dao.ConnexionManager$1 / Méthode : run
27/03/2023 11:37:54 Level : SEVERE / Message : Un utilisateur s'est connecté / Classe : Main / Méthode : main
27/03/2023 11:41:46 Level : SEVERE / Message : Un utilisateur s'est connecté / Classe : Main / Méthode : main
27/03/2023 11:52:14 Level : INFO / Message : Database fermée / Classe : com.stephane.dao.ConnexionManager$1 / Méthode : run
27/03/2023 11:52:23 Level : SEVERE / Message : Un utilisateur s'est connecté / Classe : Main / Méthode : main
27/03/2023 11:52:39 Level : INFO / Message : Database fermée / Classe : com.stephane.dao.ConnexionManager$1 / Méthode : run
27/03/2023 11:55:13 Level : SEVERE / Message : Un utilisateur s'est connecté / Classe : Main / Méthode : main
27/03/2023 11:55:19 Level : SEVERE / Message : Probleme avec la base de donnéesColumn 'nb_employes' not found. / Classe : com.stephane.dao.DAOProspect / Méthode : findAll
27/03/2023 11:57:02 Level : INFO / Message : Database fermée / Classe : com.stephane.dao.ConnexionManager$1 / Méthode : run
27/03/2023 11:57:08 Level : SEVERE / Message : Un utilisateur s'est connecté / Classe : Main / Méthode : main
27/03/2023 11:57:14 Level : SEVERE / Message : Probleme avec la base de donnéesColumn 'nb_employes' not found. / Classe : com.stephane.dao.DAOProspect / Méthode : findAll
27/03/2023 12:37:11 Level : SEVERE / Message : Probleme avec la base de donnéesColumn 'nb_employes' not found. / Classe : com.stephane.dao.DAOProspect / Méthode : findAll
27/03/2023 12:38:16 Level : INFO / Message : Database fermée / Classe : com.stephane.dao.ConnexionManager$1 / Méthode : run
27/03/2023 12:38:22 Level : SEVERE / Message : Un utilisateur s'est connecté / Classe : Main / Méthode : main
27/03/2023 12:39:22 Level : SEVERE / Message : Probleme avec la base de donnéesColumn 'nb_employes' not found. / Classe : com.stephane.dao.DAOProspect / Méthode : findAll
27/03/2023 12:56:05 Level : SEVERE / Message : Probleme avec la base de donnéesColumn 'nb_employes' not found. / Classe : com.stephane.dao.DAOProspect / Méthode : findAll
27/03/2023 13:04:49 Level : INFO / Message : Database fermée / Classe : com.stephane.dao.ConnexionManager$1 / Méthode : run
27/03/2023 13:04:56 Level : SEVERE / Message : Un utilisateur s'est connecté / Classe : Main / Méthode : main
27/03/2023 13:05:07 Level : SEVERE / Message : Probleme avec la base de donnéesColumn 'nb_employes' not found. / Classe : com.stephane.dao.DAOProspect / Méthode : findAll
27/03/2023 13:05:42 Level : SEVERE / Message : Un utilisateur s'est connecté / Classe : Main / Méthode : main
27/03/2023 13:06:19 Level : SEVERE / Message : Probleme avec la base de donnéesColumn 'nb_employes' not found. / Classe : com.stephane.dao.DAOProspect / Méthode : findAll
27/03/2023 13:08:42 Level : SEVERE / Message : Un utilisateur s'est connecté / Classe : Main / Méthode : main
27/03/2023 13:28:07 Level : INFO / Message : Database fermée / Classe : com.stephane.dao.ConnexionManager$1 / Méthode : run
27/03/2023 13:28:14 Level : SEVERE / Message : Un utilisateur s'est connecté / Classe : Main / Méthode : main
27/03/2023 13:30:34 Level : SEVERE / Message : Un utilisateur s'est connecté / Classe : Main / Méthode : main
27/03/2023 13:30:59 Level : INFO / Message : Database fermée / Classe : com.stephane.dao.ConnexionManager$1 / Méthode : run
27/03/2023 13:31:54 Level : SEVERE / Message : Un utilisateur s'est connecté / Classe : Main / Méthode : main
27/03/2023 19:17:28 Level : SEVERE / Message : Un utilisateur s'est connecté / Classe : Main / Méthode : main
28/03/2023 09:37:56 Level : INFO / Message : Database fermée / Classe : com.stephane.dao.ConnexionManager$1 / Méthode : run
28/03/2023 09:38:10 Level : SEVERE / Message : Un utilisateur s'est connecté / Classe : Main / Méthode : main
28/03/2023 09:39:59 Level : SEVERE / Message : Un utilisateur s'est connecté / Classe : Main / Méthode : main
28/03/2023 09:41:17 Level : INFO / Message : Database fermée / Classe : com.stephane.dao.ConnexionManager$1 / Méthode : run
28/03/2023 10:36:03 Level : SEVERE / Message : Un utilisateur s'est connecté / Classe : Main / Méthode : main
28/03/2023 10:36:17 Level : SEVERE / Message : Probleme avec la base de donnéesNo value specified for parameter 1 / Classe : com.stephane.dao.DAOContrat / Méthode : findByIdClient
28/03/2023 10:36:26 Level : SEVERE / Message : Probleme avec la base de donnéesNo value specified for parameter 1 / Classe : com.stephane.dao.DAOContrat / Méthode : findByIdClient
28/03/2023 10:38:17 Level : INFO / Message : Database fermée / Classe : com.stephane.dao.ConnexionManager$1 / Méthode : run
28/03/2023 10:38:27 Level : SEVERE / Message : Un utilisateur s'est connecté / Classe : Main / Méthode : main
28/03/2023 10:38:40 Level : SEVERE / Message : Probleme avec la base de donnéesNo value specified for parameter 1 / Classe : com.stephane.dao.DAOContrat / Méthode : findByIdClient
28/03/2023 10:43:54 Level : SEVERE / Message : Un utilisateur s'est connecté / Classe : Main / Méthode : main
28/03/2023 10:45:23 Level : SEVERE / Message : Probleme avec la base de donnéesNo value specified for parameter 1 / Classe : com.stephane.dao.DAOContrat / Méthode : findByIdClient
28/03/2023 10:57:38 Level : INFO / Message : Database fermée / Classe : com.stephane.dao.ConnexionManager$1 / Méthode : run
28/03/2023 10:59:02 Level : SEVERE / Message : Un utilisateur s'est connecté / Classe : Main / Méthode : main
28/03/2023 10:59:14 Level : SEVERE / Message : Probleme avec la base de donnéesNo value specified for parameter 1 / Classe : com.stephane.dao.DAOContrat / Méthode : findByIdClient
28/03/2023 11:00:51 Level : INFO / Message : Database fermée / Classe : com.stephane.dao.ConnexionManager$1 / Méthode : run
28/03/2023 11:00:57 Level : SEVERE / Message : Un utilisateur s'est connecté / Classe : Main / Méthode : main
28/03/2023 11:01:05 Level : SEVERE / Message : Probleme avec la base de donnéesNo value specified for parameter 1 / Classe : com.stephane.dao.DAOContrat / Méthode : findByIdClient
28/03/2023 11:01:40 Level : SEVERE / Message : Un utilisateur s'est connecté / Classe : Main / Méthode : main
28/03/2023 11:01:46 Level : SEVERE / Message : Probleme avec la base de donnéesNo value specified for parameter 1 / Classe : com.stephane.dao.DAOContrat / Méthode : findByIdClient
28/03/2023 11:02:51 Level : INFO / Message : Database fermée / Classe : com.stephane.dao.ConnexionManager$1 / Méthode : run
28/03/2023 11:02:57 Level : SEVERE / Message : Un utilisateur s'est connecté / Classe : Main / Méthode : main
28/03/2023 11:03:04 Level : SEVERE / Message : Probleme avec la base de donnéesNo value specified for parameter 1 / Classe : com.stephane.dao.DAOContrat / Méthode : findByIdClient
28/03/2023 11:09:01 Level : INFO / Message : Database fermée / Classe : com.stephane.dao.ConnexionManager$1 / Méthode : run
28/03/2023 11:09:05 Level : SEVERE / Message : Un utilisateur s'est connecté / Classe : Main / Méthode : main
28/03/2023 11:09:16 Level : SEVERE / Message : Probleme avec la base de donnéesNo value specified for parameter 1 / Classe : com.stephane.dao.DAOContrat / Méthode : findByIdClient
28/03/2023 11:10:12 Level : INFO / Message : Database fermée / Classe : com.stephane.dao.ConnexionManager$1 / Méthode : run
28/03/2023 11:10:19 Level : SEVERE / Message : Un utilisateur s'est connecté / Classe : Main / Méthode : main
28/03/2023 11:10:28 Level : SEVERE / Message : Probleme avec la base de donnéesNo value specified for parameter 1 / Classe : com.stephane.dao.DAOContrat / Méthode : findByIdClient
28/03/2023 11:13:41 Level : INFO / Message : Database fermée / Classe : com.stephane.dao.ConnexionManager$1 / Méthode : run
28/03/2023 11:13:46 Level : SEVERE / Message : Un utilisateur s'est connecté / Classe : Main / Méthode : main
28/03/2023 11:13:55 Level : SEVERE / Message : Probleme avec la base de donnéesNo value specified for parameter 1 / Classe : com.stephane.dao.DAOContrat / Méthode : findByIdClient
28/03/2023 11:14:35 Level : INFO / Message : Database fermée / Classe : com.stephane.dao.ConnexionManager$1 / Méthode : run
28/03/2023 11:14:40 Level : SEVERE / Message : Un utilisateur s'est connecté / Classe : Main / Méthode : main
28/03/2023 11:14:48 Level : SEVERE / Message : Probleme avec la base de donnéesNo value specified for parameter 1 / Classe : com.stephane.dao.DAOContrat / Méthode : findByIdClient
28/03/2023 11:20:36 Level : INFO / Message : Database fermée / Classe : com.stephane.dao.ConnexionManager$1 / Méthode : run
28/03/2023 11:20:40 Level : SEVERE / Message : Un utilisateur s'est connecté / Classe : Main / Méthode : main
28/03/2023 11:21:07 Level : SEVERE / Message : Probleme avec la base de donnéesNo value specified for parameter 1 / Classe : com.stephane.dao.DAOContrat / Méthode : findByIdClient
28/03/2023 11:25:50 Level : INFO / Message : Database fermée / Classe : com.stephane.dao.ConnexionManager$1 / Méthode : run
28/03/2023 11:25:56 Level : SEVERE / Message : Un utilisateur s'est connecté / Classe : Main / Méthode : main
28/03/2023 11:26:04 Level : SEVERE / Message : Probleme avec la base de donnéesNo value specified for parameter 1 / Classe : com.stephane.dao.DAOContrat / Méthode : findByIdClient
28/03/2023 11:51:55 Level : INFO / Message : Database fermée / Classe : com.stephane.dao.ConnexionManager$1 / Méthode : run
28/03/2023 11:52:02 Level : SEVERE / Message : Un utilisateur s'est connecté / Classe : Main / Méthode : main
28/03/2023 11:52:18 Level : SEVERE / Message : Probleme avec la base de donnéesNo value specified for parameter 1 / Classe : com.stephane.dao.DAOContrat / Méthode : findByIdClient
28/03/2023 11:52:23 Level : INFO / Message : Database fermée / Classe : com.stephane.dao.ConnexionManager$1 / Méthode : run
28/03/2023 11:52:44 Level : SEVERE / Message : Un utilisateur s'est connecté / Classe : Main / Méthode : main
28/03/2023 11:52:54 Level : SEVERE / Message : Probleme avec la base de donnéesNo value specified for parameter 1 / Classe : com.stephane.dao.DAOContrat / Méthode : findByIdClient
28/03/2023 12:48:59 Level : INFO / Message : Database fermée / Classe : com.stephane.dao.ConnexionManager$1 / Méthode : run
28/03/2023 12:49:07 Level : SEVERE / Message : Un utilisateur s'est connecté / Classe : Main / Méthode : main
28/03/2023 12:50:02 Level : SEVERE / Message : Probleme avec la base de donnéesNo value specified for parameter 1 / Classe : com.stephane.dao.DAOContrat / Méthode : findByIdClient
28/03/2023 12:51:16 Level : SEVERE / Message : Probleme avec la base de donnéesNo value specified for parameter 1 / Classe : com.stephane.dao.DAOContrat / Méthode : findByIdClient
28/03/2023 12:55:02 Level : SEVERE / Message : Un utilisateur s'est connecté / Classe : Main / Méthode : main
28/03/2023 12:55:53 Level : SEVERE / Message : Erreur fatale.null / Classe : com.stephane.frame.ContratFrame / Méthode : initTable
28/03/2023 12:56:39 Level : INFO / Message : Database fermée / Classe : com.stephane.dao.ConnexionManager$1 / Méthode : run
28/03/2023 12:56:47 Level : SEVERE / Message : Un utilisateur s'est connecté / Classe : Main / Méthode : main
28/03/2023 12:57:31 Level : SEVERE / Message : Un utilisateur s'est connecté / Classe : Main / Méthode : main
29/03/2023 13:49:27 Level : SEVERE / Message : Un utilisateur s'est connecté / Classe : Main / Méthode : main
29/03/2023 14:18:21 Level : INFO / Message : Database fermée / Classe : com.stephane.dao.ConnexionManager$1 / Méthode : run
29/03/2023 14:18:32 Level : SEVERE / Message : Un utilisateur s'est connecté / Classe : Main / Méthode : main
29/03/2023 14:23:42 Level : INFO / Message : Database fermée / Classe : com.stephane.dao.ConnexionManager$1 / Méthode : run
29/03/2023 14:23:50 Level : SEVERE / Message : Un utilisateur s'est connecté / Classe : Main / Méthode : main
29/03/2023 14:37:50 Level : INFO / Message : Database fermée / Classe : com.stephane.dao.ConnexionManager$1 / Méthode : run
29/03/2023 14:48:11 Level : SEVERE / Message : Un utilisateur s'est connecté / Classe : Main / Méthode : main
29/03/2023 14:48:49 Level : SEVERE / Message : Problème avec la base Parameter index out of range (11 > number of parameters, which is 10). / Classe : com.stephane.dao.DAOProspect / Méthode : save
29/03/2023 15:01:39 Level : INFO / Message : Database fermée / Classe : com.stephane.dao.ConnexionManager$1 / Méthode : run
29/03/2023 15:01:46 Level : SEVERE / Message : Un utilisateur s'est connecté / Classe : Main / Méthode : main
29/03/2023 15:16:51 Level : INFO / Message : Database fermée / Classe : com.stephane.dao.ConnexionManager$1 / Méthode : run
29/03/2023 15:17:58 Level : SEVERE / Message : Un utilisateur s'est connecté / Classe : Main / Méthode : main
29/03/2023 15:18:27 Level : SEVERE / Message : Problème avec la base Parameter index out of range (11 > number of parameters, which is 10). / Classe : com.stephane.dao.DAOProspect / Méthode : save
29/03/2023 15:21:58 Level : INFO / Message : Database fermée / Classe : com.stephane.dao.ConnexionManager$1 / Méthode : run
29/03/2023 15:22:38 Level : SEVERE / Message : Un utilisateur s'est connecté / Classe : Main / Méthode : main
29/03/2023 15:23:09 Level : INFO / Message : Database fermée / Classe : com.stephane.dao.ConnexionManager$1 / Méthode : run
29/03/2023 15:30:13 Level : SEVERE / Message : Un utilisateur s'est connecté / Classe : Main / Méthode : main
29/03/2023 15:31:05 Level : INFO / Message : Database fermée / Classe : com.stephane.dao.ConnexionManager$1 / Méthode : run
29/03/2023 15:34:59 Level : SEVERE / Message : Un utilisateur s'est connecté / Classe : Main / Méthode : main
29/03/2023 15:35:48 Level : INFO / Message : Database fermée / Classe : com.stephane.dao.ConnexionManager$1 / Méthode : run
29/03/2023 15:51:59 Level : SEVERE / Message : Un utilisateur s'est connecté / Classe : Main / Méthode : main
29/03/2023 16:11:28 Level : SEVERE / Message : Un utilisateur s'est connecté / Classe : Main / Méthode : main
29/03/2023 16:12:50 Level : SEVERE / Message : Un utilisateur s'est connecté / Classe : Main / Méthode : main
29/03/2023 16:17:17 Level : INFO / Message : Database fermée / Classe : com.stephane.dao.ConnexionManager$1 / Méthode : run
29/03/2023 16:17:25 Level : SEVERE / Message : Un utilisateur s'est connecté / Classe : Main / Méthode : main
29/03/2023 16:19:07 Level : INFO / Message : Database fermée / Classe : com.stephane.dao.ConnexionManager$1 / Méthode : run
29/03/2023 16:19:15 Level : SEVERE / Message : Un utilisateur s'est connecté / Classe : Main / Méthode : main
29/03/2023 16:32:30 Level : INFO / Message : Database fermée / Classe : com.stephane.dao.ConnexionManager$1 / Méthode : run
29/03/2023 16:32:43 Level : SEVERE / Message : Un utilisateur s'est connecté / Classe : Main / Méthode : main
29/03/2023 16:33:12 Level : INFO / Message : Database fermée / Classe : com.stephane.dao.ConnexionManager$1 / Méthode : run
